0 silly input [ 'test' ]
1 silly flags { _: [ 'run' ],
1 silly flags   'reject-cycles': false,
1 silly flags   rejectCycles: false,
1 silly flags   script: 'test',
1 silly flags   args: [] }
2 verbose rootPath /Users/yamadayuki/dev/src/github.com/yamadayuki/bs-packages
3 info version 2.5.1
4 silly existsSync /Users/yamadayuki/dev/src/github.com/yamadayuki/bs-packages/VERSION
5 silly initialize attempt
6 silly initialize success
7 silly execute attempt
8 silly runScriptInDir test [] bs-humps
9 silly getExecOpts { cwd: '/Users/yamadayuki/dev/src/github.com/yamadayuki/bs-packages/packages/bs-humps' }
10 silly runScriptInDir test [] left-pad-reason
11 silly getExecOpts { cwd: '/Users/yamadayuki/dev/src/github.com/yamadayuki/bs-packages/packages/left-pad-reason' }
12 error test Errored while running script in 'bs-humps'
13 error execute callback with error
14 error Error: Command failed: npm run test
14 error warning ../../package.json: No license field
14 error Fatal error: exception Unix.Unix_error(Unix.EEXIST, "mkdir", "/Users/yamadayuki/dev/src/github.com/yamadayuki/bs-packages/node_modules/bs-jest/lib/ocaml")
14 error error Command failed with exit code 2.
14 error npm ERR! code ELIFECYCLE
14 error npm ERR! errno 1
14 error npm ERR! bs-humps@0.0.1 pretest: `yarn run build`
14 error npm ERR! Exit status 1
14 error npm ERR!
14 error npm ERR! Failed at the bs-humps@0.0.1 pretest script.
14 error npm ERR! This is probably not a problem with npm. There is likely additional logging output above.
14 error
14 error npm ERR! A complete log of this run can be found in:
14 error npm ERR!     /Users/yamadayuki/.npm/_logs/2017-11-06T07_30_26_542Z-debug.log
14 error
14 error > bs-humps@0.0.1 pretest /Users/yamadayuki/dev/src/github.com/yamadayuki/bs-packages/packages/bs-humps
14 error > yarn run build
14 error
14 error yarn run v1.3.2
14 error $ bsb -make-world
14 error [1/4] [34mBuilding[39m [2msrc/jest.mliast[22m
14 error [2/4] [34mBuilding[39m [2msrc/jest.mlast[22m
14 error [3/4] [34mBuilding[39m [2msrc/jest.mlast.d[22m
14 error [4/4] [34mBuilding[39m [2msrc/jest.mliast.d[22m
14 error [1/2] [34mBuilding[39m [2msrc/jest.cmi[22m
14 error [2/2] [34mBuilding[39m [2msrc/jest.cmj[22m
14 error info Visit https://yarnpkg.com/en/docs/cli/run for documentation about this command.
14 error
14 error     at Promise.all.then.arr (/Users/yamadayuki/.config/yarn/global/node_modules/execa/index.js:236:11)
14 error     at <anonymous>
